<?xml version="1.0" encoding="UTF-8"?>
<!-- Generated by org.testng.reporters.JUnitReportReporter -->
<testsuite hostname="QA-PC" failures="0" tests="3" name="testcases.LoginPagetest" time="27.272" errors="0" timestamp="2024-10-16T18:45:11 PKT" skipped="0">
  <testcase classname="testcases.LoginPagetest" name="login" time="7.337"/>
  <testcase classname="testcases.LoginPagetest" name="validatelogotest" time="8.784"/>
  <testcase classname="testcases.LoginPagetest" name="logintopagetest" time="11.151"/>
</testsuite> <!-- testcases.LoginPagetest -->
